2026-05-01 14:37:58,155 [INFO] Starting Flatfox search...
2026-05-01 14:37:58,343 [INFO] Direct request blocked by anti-bot, trying Playwright...
2026-05-01 14:37:58,610 [INFO] Launching browser (headless=False)...
2026-05-01 14:37:59,221 [INFO] Navigating to https://flatfox.ch/it/search/?east=8.603475&is_furnished=true&is_swap=false&min_rooms=3&north=47.392608&ordering=price_display&place_name=Europaallee%2C%208004%20Zurigo%2C%20Svizzera&place_type=address&query=Europaallee&south=47.358851&take=48&west=8.485409...
2026-05-01 14:38:11,638 [INFO] Debug HTML dumped to output/raw_search_playwright.html
2026-05-01 14:38:12,010 [INFO] No LD+JSON listings found, falling back to link scraping.
2026-05-01 14:38:12,017 [INFO] Found 0 initial listings.
2026-05-01 14:38:12,017 [INFO] Hydrating details for 0 listings...
2026-05-01 14:38:12,017 [INFO] Total: 0, Filtered: 0
2026-05-01 14:38:12,018 [INFO] Results exported to output/listings_filtered.md
2026-05-01 14:38:50,629 [INFO] Starting Flatfox search...
2026-05-01 14:38:50,847 [INFO] Direct request blocked by anti-bot, trying Playwright...
2026-05-01 14:38:51,112 [INFO] Launching browser (headless=False)...
2026-05-01 14:38:51,741 [INFO] Navigating to https://flatfox.ch/it/search/?east=8.603475&is_furnished=true&is_swap=false&min_rooms=3&north=47.392608&ordering=price_display&place_name=Europaallee%2C%208004%20Zurigo%2C%20Svizzera&place_type=address&query=Europaallee&south=47.358851&take=48&west=8.485409...
2026-05-01 14:39:08,654 [INFO] Debug HTML dumped to output/raw_search_playwright.html
2026-05-01 14:39:09,104 [INFO] Found 48 initial listings.
2026-05-01 14:39:09,104 [INFO] Hydrating details for 48 listings...
2026-05-01 14:40:13,475 [INFO] Starting Flatfox search...
2026-05-01 14:40:13,713 [INFO] Direct request blocked by anti-bot, trying Playwright...
2026-05-01 14:40:13,986 [INFO] Launching browser (headless=False)...
2026-05-01 14:40:14,600 [INFO] Navigating to https://flatfox.ch/it/search/?east=8.603475&is_furnished=true&is_swap=false&min_rooms=3&north=47.392608&ordering=price_display&place_name=Europaallee%2C%208004%20Zurigo%2C%20Svizzera&place_type=address&query=Europaallee&south=47.358851&take=48&west=8.485409...
2026-05-01 14:40:31,153 [INFO] Debug HTML dumped to output/raw_search_playwright.html
2026-05-01 14:40:31,537 [INFO] Found 48 initial listings.
2026-05-01 14:40:31,537 [INFO] Hydrating details for 48 listings (estimated time: 96s)...
2026-05-01 14:40:31,537 [INFO] [1/48] Processing: Appartamento 3 ½ locali8304 Wa...
2026-05-01 14:40:36,883 [INFO] [5/48] Processing: Appartamento 3 ½ locali8057 Zü...
2026-05-01 14:40:43,529 [INFO] [10/48] Processing: Appartamento 3 ½ locali8049 Zü...
2026-05-01 14:40:50,270 [INFO] [15/48] Processing: Appartamento 3 ½ locali8049 Zü...
2026-05-01 14:40:56,908 [INFO] [20/48] Processing: Appartamento 3 locali8008 Züri...
2026-05-01 14:41:03,432 [INFO] [25/48] Processing: Appartamento 3 ½ locali8057 Zü...
2026-05-01 14:41:10,091 [INFO] [30/48] Processing: Appartamento 3 ½ locali8004 Zü...
2026-05-01 14:41:16,898 [INFO] [35/48] Processing: Appartamento arredato 3 locali...
2026-05-01 14:41:23,707 [INFO] [40/48] Processing: Appartamento arredato 3 ½ loca...
2026-05-01 14:41:30,404 [INFO] [45/48] Processing: Appartamento 3 ½ locali8049 Zü...
2026-05-01 14:41:34,397 [INFO] [48/48] Processing: Appartamento 3 ½ locali8002 Zü...
2026-05-01 14:41:35,706 [INFO] Total: 48, Filtered: 29
2026-05-01 14:41:35,707 [INFO] Results exported to output/listings_filtered.md
2026-05-01 14:44:37,659 [INFO] Starting Flatfox search...
2026-05-01 14:44:37,884 [INFO] Direct request blocked by anti-bot, trying Playwright...
2026-05-01 14:44:38,155 [INFO] Launching browser (headless=False)...
2026-05-01 14:44:38,791 [INFO] Navigating to https://flatfox.ch/it/search/?east=8.603475&is_furnished=true&is_swap=false&min_rooms=3&north=47.392608&ordering=price_display&place_name=Europaallee%2C%208004%20Zurigo%2C%20Svizzera&place_type=address&query=Europaallee&south=47.358851&take=48&west=8.485409...
2026-05-01 14:44:55,213 [INFO] Debug HTML dumped to output/raw_search_playwright.html
2026-05-01 14:44:55,627 [INFO] Found 48 initial listings.
2026-05-01 14:44:55,627 [INFO] Hydrating details for 48 listings (estimated time: 96s)...
2026-05-01 14:44:55,627 [INFO] [1/48] Processing: Appartamento 3 ½ locali8304 Wa...
2026-05-01 14:45:00,896 [INFO] [5/48] Processing: Appartamento 3 ½ locali8057 Zü...
2026-05-01 14:45:07,549 [INFO] [10/48] Processing: Appartamento 3 ½ locali8049 Zü...
2026-05-01 14:45:14,318 [INFO] [15/48] Processing: Appartamento 3 ½ locali8049 Zü...
2026-05-01 14:45:21,216 [INFO] [20/48] Processing: Appartamento 3 locali8008 Züri...
2026-05-01 14:45:28,060 [INFO] [25/48] Processing: Appartamento 3 ½ locali8057 Zü...
2026-05-01 14:45:34,746 [INFO] [30/48] Processing: Appartamento 3 ½ locali8004 Zü...
2026-05-01 14:45:41,493 [INFO] [35/48] Processing: Appartamento arredato 3 locali...
2026-05-01 14:45:48,239 [INFO] [40/48] Processing: Appartamento arredato 3 ½ loca...
2026-05-01 14:45:55,098 [INFO] [45/48] Processing: Appartamento 3 ½ locali8049 Zü...
2026-05-01 14:46:04,325 [INFO] [48/48] Processing: Appartamento 3 ½ locali8002 Zü...
2026-05-01 14:46:05,668 [INFO] Total: 48, Filtered: 29
2026-05-01 14:46:05,669 [INFO] Results exported to output/listings_filtered.md
